Change Component Designator: Old Designator=A? New Designator=A1
Change Component Designator: Old Designator=A? New Designator=A2
Change Component Designator: Old Designator=C? New Designator=C1
Change Component Designator: Old Designator=Cc? New Designator=Cc1
Change Component Designator: Old Designator=Cin? New Designator=Cin1
Change Component Designator: Old Designator=D? New Designator=D1
Change Component Designator: Old Designator=D? New Designator=D2
Change Component Designator: Old Designator=EC? New Designator=EC1
Change Component Designator: Old Designator=EC? New Designator=EC2
Change Component Designator: Old Designator=ECin? New Designator=ECin1
Change Component Designator: Old Designator=ECout? New Designator=ECout1
Change Component Designator: Old Designator=IN? New Designator=IN1
Change Component Designator: Old Designator=IN? New Designator=IN2
Change Component Designator: Old Designator=INA? New Designator=INA1
Change Component Designator: Old Designator=J? New Designator=J1
Change Component Designator: Old Designator=L? New Designator=L1
Change Component Designator: Old Designator=L? New Designator=L2
Change Component Designator: Old Designator=OUT? New Designator=OUT1
Change Component Designator: Old Designator=OUT? New Designator=OUT2
Change Component Designator: Old Designator=R? New Designator=R1
Change Component Designator: Old Designator=R? New Designator=R2
Change Component Designator: Old Designator=R? New Designator=R3
Change Component Designator: Old Designator=R? New Designator=R4
Change Component Designator: Old Designator=R? New Designator=R5
Change Component Designator: Old Designator=R? New Designator=R6
Change Component Designator: Old Designator=R? New Designator=R7
Change Component Designator: Old Designator=R? New Designator=R8
Change Component Designator: Old Designator=R? New Designator=R9
Change Component Designator: Old Designator=Rc? New Designator=Rc1
Change Component Designator: Old Designator=U? New Designator=U1
Change Component Designator: Old Designator=U? New Designator=U2
